Build started 2016/11/30 11:45:44.
     1>Project "D:\Project\Urho3D\AirFighter\AirFighter.vcxproj" on node 2 (Build target(s)).
     1>ClCompile:
         E:\Visual Studio 2015\VC\bin\x86_amd64\CL.exe /c /I"E:\!Package\Urho3D-Build\include" /I"E:\!Package\Urho3D-Build\include\Urho3D\ThirdParty" /I"E:\!Package\Urho3D-Build\include\Urho3D\ThirdParty\Bullet" /I"E:\!Package\Urho3D-Build\include\Urho3D\ThirdParty\Lua" /Zi /nologo /W3 /WX- /Od /Ob0 /D WIN32 /D _WINDOWS /D _DEBUG /D URHO3D_PROFILING /D URHO3D_LOGGING /D URHO3D_THREADING /D URHO3D_ANGELSCRIPT /D URHO3D_LUA /D TOLUA_RELEASE /D URHO3D_NAVIGATION /D URHO3D_NETWORK /D URHO3D_PHYSICS /D URHO3D_URHO2D /D _CRT_SECURE_NO_WARNINGS /D "CMAKE_INTDIR=\"Debug\"" /D _MBCS /Gm- /EHsc /RTC1 /MDd /GS /fp:precise /Zc:wchar_t /Zc:forScope /Zc:inline /GR /Fo"AirFighter.dir\Debug\\" /Fd"AirFighter.dir\Debug\vc140.pdb" /Gd /TP /errorReport:prompt AirFighter.cpp
         AirFighter.cpp
     1>AirFighter.cpp(171): warning C4244: 'argument': conversion from 'float' to 'int', possible loss of data
     1>AirFighter.cpp(354): warning C4018: '<': signed/unsigned mismatch
     1>AirFighter.cpp(511): warning C4018: '<': signed/unsigned mismatch
       Link:
         E:\Visual Studio 2015\VC\bin\x86_amd64\link.exe /ERRORREPORT:PROMPT /OUT:"D:\Project\Urho3D\AirFighter\bin\AirFighter_d.exe" /INCREMENTAL /NOLOGO kernel32.lib user32.lib gdi32.lib winspool.lib shell32.lib ole32.lib oleaut32.lib uuid.lib comdlg32.lib advapi32.lib "E:\!Package\Urho3D-Build\lib\Urho3D_d.lib" user32.lib gdi32.lib winmm.lib imm32.lib ole32.lib oleaut32.lib version.lib uuid.lib ws2_32.lib winmm.lib d3dcompiler.lib d3d9.lib imm32.lib ole32.lib oleaut32.lib version.lib uuid.lib ws2_32.lib d3dcompiler.lib d3d9.lib /MANIFEST /MANIFESTUAC:"level='asInvoker' uiAccess='false'" /manifest:embed /DEBUG /PDB:"D:/Project/Urho3D/AirFighter/bin/AirFighter_d.pdb" /SUBSYSTEM:WINDOWS /TLBID:1 /DYNAMICBASE /NXCOMPAT /IMPLIB:"D:/Project/Urho3D/AirFighter/Debug/AirFighter_d.lib" /MACHINE:X64  /machine:x64 AirFighter.dir\Debug\AirFighter.obj
         AirFighter.dir\Debug\AP.obj
         AirFighter.dir\Debug\Box.obj
         AirFighter.dir\Debug\BUFF.obj
         AirFighter.dir\Debug\Bullet.obj
         AirFighter.dir\Debug\Effect.obj
         AirFighter.dir\Debug\Effect_Blink.obj
         AirFighter.dir\Debug\Effect_Boom.obj
         AirFighter.dir\Debug\Fighter.obj
         AirFighter.dir\Debug\Effect_Flare.obj
         AirFighter.dir\Debug\GameObject.obj
         AirFighter.dir\Debug\HeatSource.obj
         AirFighter.dir\Debug\Missile.obj
         AirFighter.dir\Debug\Skill.obj
         AirFighter.dir\Debug\Skill_Blink.obj
         AirFighter.dir\Debug\Skill_Flare.obj
         AirFighter.dir\Debug\Skill_Missile.obj
         AirFighter.dir\Debug\Toolkit.obj
            Creating library D:/Project/Urho3D/AirFighter/Debug/AirFighter_d.lib and object D:/Project/Urho3D/AirFighter/Debug/AirFighter_d.exp
         AirFighter.vcxproj -> D:\Project\Urho3D\AirFighter\bin\AirFighter_d.exe
       PostBuildEvent:
         setlocal
         E:\CMake\bin\cmake.exe -E copy_if_different "C:/Program Files (x86)/Windows Kits/8.1/Redist/D3D/x64/d3dcompiler_47.dll" D:/Project/Urho3D/AirFighter/bin
         if %errorlevel% neq 0 goto :cmEnd
         :cmEnd
         endlocal & call :cmErrorLevel %errorlevel% & goto :cmDone
         :cmErrorLevel
         exit /b %1
         :cmDone
         if %errorlevel% neq 0 goto :VCEnd
         :VCEnd
     1>Done Building Project "D:\Project\Urho3D\AirFighter\AirFighter.vcxproj" (Build target(s)).

Build succeeded.

Time Elapsed 00:00:15.73
